[19:21:12] [main/INFO]: Loading Minecraft 1.21.10 with Fabric Loader 0.18.2
[19:21:12] [main/INFO]: Loading 4 mods:
	- fabricloader 0.18.2
	   \-- mixinextras 0.5.0
	- java 21
	- minecraft 1.21.10
[19:21:12] [main/INFO]: SpongePowered MIXIN Subsystem Version=0.8.7 Source=file:/workspaces/TestMCServer/servidor_minecraft/libraries/net/fabricmc/sponge-mixin/0.16.5+mixin.0.8.7/sponge-mixin-0.16.5+mixin.0.8.7.jar Service=Knot/Fabric Env=SERVER
[19:21:17] [main/INFO]: Environment: Environment[sessionHost=https://sessionserver.mojang.com, servicesHost=https://api.minecraftservices.com, profilesHost=https://api.mojang.com, name=PROD]
[19:21:19] [main/INFO]: Loaded 1461 recipes
[19:21:19] [main/INFO]: Loaded 1574 advancements
[19:21:19] [Server thread/INFO]: Starting minecraft server version 1.21.10
[19:21:19] [Server thread/INFO]: Loading properties
[19:21:19] [Server thread/INFO]: Default game type: SURVIVAL
[19:21:19] [Server thread/INFO]: Generating keypair
[19:21:20] [Server thread/INFO]: Starting Minecraft server on *:25565
[19:21:20] [Server thread/INFO]: Using epoll channel type
[19:21:20] [Server thread/WARN]: **** SERVER IS RUNNING IN OFFLINE/INSECURE MODE!
[19:21:20] [Server thread/WARN]: The server will make no attempt to authenticate usernames. Beware.
[19:21:20] [Server thread/WARN]: While this makes the game possible to play without internet access, it also opens up the ability for hackers to connect with any username they choose.
[19:21:20] [Server thread/WARN]: To change this, set "online-mode" to "true" in the server.properties file.
[19:21:20] [Server thread/INFO]: Preparing level "world"
[19:21:20] [Server thread/INFO]: Loading 0 persistent chunks...
[19:21:20] [Server thread/INFO]: Time elapsed: 13 ms
[19:21:20] [Server thread/INFO]: Done (0.351s)! For help, type "help"
[19:21:29] [Server thread/INFO]: SoyClassteusMC[/127.8.98.74:43105] logged in with entity id 113 at (18.69999998807907, 98.0, 14.683209047573438)
[19:21:29] [Server thread/INFO]: SoyClassteusMC joined the game
[19:21:59] [Server thread/INFO]: Made SoyClassteusMC a server operator
[19:22:10] [Server thread/INFO]: [SoyClassteusMC: Set own game mode to Spectator Mode]
[19:22:23] [Server thread/INFO]: [SoyClassteusMC: Set own game mode to Creative Mode]
[19:23:04] [Server thread/INFO]: SoyClassteusMC has reached the goal [Sky's the Limit]
[19:24:19] [Server thread/INFO]: [SoyClassteusMC: Teleported SoyClassteusMC to 1000000.500000, 100.000000, 10000000.500000]
[19:24:44] [Server thread/INFO]: [SoyClassteusMC: Teleported SoyClassteusMC to 1000000.500000, 100.000000, 10000000.500000]
[19:24:58] [Server thread/INFO]: [SoyClassteusMC: Teleported SoyClassteusMC to 10000000.500000, 100.000000, 10000000.500000]
[19:25:00] [Server thread/WARN]: Can't keep up! Is the server overloaded? Running 2018ms or 40 ticks behind
[19:25:27] [Server thread/INFO]: Unknown or incomplete command. See below for error
[19:25:27] [Server thread/INFO]: <--[HERE]
[19:25:35] [Server thread/INFO]: Stopping the server
[19:25:35] [Server thread/INFO]: Stopping server
[19:25:35] [Server thread/INFO]: Saving players
[19:25:35] [Server thread/INFO]: Saving worlds
[19:25:36] [Server thread/INFO]: Saving chunks for level 'ServerLevel[world]'/minecraft:overworld
[19:25:40] [Server thread/INFO]: Saving chunks for level 'ServerLevel[world]'/minecraft:the_nether
[19:25:40] [Server thread/INFO]: Saving chunks for level 'ServerLevel[world]'/minecraft:the_end
[19:25:40] [Server thread/INFO]: ThreadedAnvilChunkStorage (world): All chunks are saved
[19:25:40] [Server thread/INFO]: ThreadedAnvilChunkStorage (DIM-1): All chunks are saved
[19:25:40] [Server thread/INFO]: ThreadedAnvilChunkStorage (DIM1): All chunks are saved
[19:25:40] [Server thread/INFO]: ThreadedAnvilChunkStorage: All dimensions are saved
